

Microchip MPLAB XC8 Assembler V2.46 build 20240104201356 
                                                                                               Thu Apr 09 22:55:23 2026

Microchip MPLAB XC8 C Compiler v2.46 (Free license) build 20240104201356 Og1 
     1                           	processor	18F4520
     2                           	fnconf	rparam,??,?,0
     3                           	pagewidth 120
     4                           	opt	flic
     5                           	psect	cinit,global,reloc=2,class=CODE,delta=1
     6                           	psect	bssCOMRAM,global,class=COMRAM,space=1,delta=1,lowdata,noexec
     7                           	psect	cstackCOMRAM,global,class=COMRAM,space=1,delta=1,lowdata,noexec
     8                           	psect	text0,global,reloc=2,class=CODE,delta=1
     9                           	psect	intcode,global,reloc=2,class=CODE,delta=1
    10                           	psect	intcode_body,global,reloc=2,class=CODE,delta=1
    11                           	psect	smallconst,global,reloc=2,class=SMALLCONST,delta=1,noexec
    12                           	psect	intsave_regs,global,class=BIGRAM,space=1,delta=1,noexec
    13                           	psect	rparam,global,class=COMRAM,space=1,delta=1,noexec
    14                           	psect	temp,global,ovrld,common,class=COMRAM,space=1,delta=1,lowdata
    15                           	psect	idloc,global,abs,ovrld,class=IDLOC,space=5,delta=1,noexec
    16                           	psect	config,global,abs,ovrld,class=CONFIG,space=4,delta=1,noexec
    17   000000                     
    18                           ; Generated 05/01/2024 GMT
    19                           ; 
    20                           ; Copyright © 2024, Microchip Technology Inc. and its subsidiaries ("Microchip")
    21                           ; All rights reserved.
    22                           ; 
    23                           ; This software is developed by Microchip Technology Inc. and its subsidiaries ("Microch
      +                          ip").
    24                           ; 
    25                           ; Redistribution and use in source and binary forms, with or without modification, are
    26                           ; permitted provided that the following conditions are met:
    27                           ; 
    28                           ;     1. Redistributions of source code must retain the above copyright notice, this lis
      +                          t of
    29                           ;        conditions and the following disclaimer.
    30                           ; 
    31                           ;     2. Redistributions in binary form must reproduce the above copyright notice, this 
      +                          list
    32                           ;        of conditions and the following disclaimer in the documentation and/or other
    33                           ;        materials provided with the distribution. Publication is not required when
    34                           ;        this file is used in an embedded application.
    35                           ; 
    36                           ;     3. Microchip's name may not be used to endorse or promote products derived from th
      +                          is
    37                           ;        software without specific prior written permission.
    38                           ; 
    39                           ; THIS SOFTWARE IS PROVIDED BY MICROCHIP "AS IS" AND ANY EXPRESS OR IMPLIED WARRANTIES,
    40                           ; INCLUDING, BUT NOT LIMITED TO, THE IMPLIED WARRANTIES OF MERCHANTABILITY AND FITNESS F
      +                          OR
    41                           ; PURPOSE ARE DISCLAIMED.  IN NO EVENT SHALL MICROCHIP BE LIABLE FOR ANY DIRECT, INDIREC
      +                          T,
    42                           ; INCIDENTAL, SPECIAL, EXEMPLARY, OR CONSEQUENTIAL DAMAGES (INCLUDING BUT NOT LIMITED TO
    43                           ; PROCUREMENT OF SUBSTITUTE GOODS OR SERVICES; LOSS OF USE, DATA OR PROFITS; OR BUSINESS
    44                           ; INTERRUPTION) HOWSOEVER CAUSED AND ON ANY THEORY OF LIABILITY, WHETHER IN CONTRACT, ST
      +                          RICT
    45                           ; LIABILITY, OR TORT (INCLUDING NEGLIGENCE OR OTHERWISE) ARISING IN ANY WAY OUT OF THE U
      +                          SE OF
    46                           ; THIS SOFTWARE, EVEN IF ADVISED OF THE POSSIBILITY OF SUCH DAMAGE.
    47                           ; 
    48                           ; 
    49                           ; Code-generator required, PIC18F4520 Definitions
    50                           ; 
    51                           ; SFR Addresses
    52   000000                     _LATDbits	set	3980
    53   000000                     _PORTB	set	3969
    54   000000                     _TRISB	set	3987
    55   000000                     _ADCON1	set	4033
    56   000000                     _TRISD	set	3989
    57   000000                     _TRISC	set	3988
    58   000000                     _PORTD	set	3971
    59   000000                     _LATB	set	3978
    60   000000                     _LATD	set	3980
    61   000000                     _T0CON	set	4053
    62   000000                     _INTCON2bits	set	4081
    63   000000                     _INTCONbits	set	4082
    64   000000                     _TMR0	set	4054
    65                           
    66                           ; #config settings
    67                           
    68                           	psect	cinit
    69   0006D6                     __pcinit:
    70                           	callstack 0
    71   0006D6                     start_initialization:
    72                           	callstack 0
    73   0006D6                     __initialization:
    74                           	callstack 0
    75                           
    76                           ; Clear objects allocated to COMRAM (2 bytes)
    77   0006D6  6A02               	clrf	(__pbssCOMRAM+1)& (0+255),c
    78   0006D8  6A01               	clrf	__pbssCOMRAM& (0+255),c
    79   0006DA                     end_of_initialization:
    80                           	callstack 0
    81   0006DA                     __end_of__initialization:
    82                           	callstack 0
    83   0006DA  9004               	bcf	int$flags,0,c	;clear compiler interrupt flag (level 1)
    84   0006DC  9204               	bcf	int$flags,1,c	;clear compiler interrupt flag (level 2)
    85   0006DE  0100               	movlb	0
    86   0006E0  EF49  F003         	goto	_main	;jump to C main() function
    87                           
    88                           	psect	bssCOMRAM
    89   000001                     __pbssCOMRAM:
    90                           	callstack 0
    91   000001                     _count:
    92                           	callstack 0
    93   000001                     	ds	2
    94                           
    95                           	psect	cstackCOMRAM
    96   000003                     __pcstackCOMRAM:
    97                           	callstack 0
    98   000003                     ??_isr:
    99                           
   100                           ; 1 bytes @ 0x0
   101   000003                     	ds	1
   102   000004                     
   103                           ; 1 bytes @ 0x1
   104 ;;
   105 ;;Main: autosize = 0, tempsize = 0, incstack = 0, save=0
   106 ;;
   107 ;; *************** function _main *****************
   108 ;; Defined at:
   109 ;;		line 18 in file "main1s.c"
   110 ;; Parameters:    Size  Location     Type
   111 ;;		None
   112 ;; Auto vars:     Size  Location     Type
   113 ;;		None
   114 ;; Return value:  Size  Location     Type
   115 ;;                  1    wreg      void 
   116 ;; Registers used:
   117 ;;		wreg, status,2
   118 ;; Tracked objects:
   119 ;;		On entry : 0/0
   120 ;;		On exit  : 0/0
   121 ;;		Unchanged: 0/0
   122 ;; Data sizes:     COMRAM   BANK0   BANK1   BANK2   BANK3   BANK4   BANK5
   123 ;;      Params:         0       0       0       0       0       0       0
   124 ;;      Locals:         0       0       0       0       0       0       0
   125 ;;      Temps:          0       0       0       0       0       0       0
   126 ;;      Totals:         0       0       0       0       0       0       0
   127 ;;Total ram usage:        0 bytes
   128 ;; Hardware stack levels required when called: 1
   129 ;; This function calls:
   130 ;;		Nothing
   131 ;; This function is called by:
   132 ;;		Startup code after reset
   133 ;; This function uses a non-reentrant model
   134 ;;
   135                           
   136                           	psect	text0
   137   000692                     __ptext0:
   138                           	callstack 0
   139   000692                     _main:
   140                           	callstack 30
   141   000692                     
   142                           ;main1s.c: 23: TRISB = 0b00000001;
   143   000692  0E01               	movlw	1
   144   000694  6E93               	movwf	147,c	;volatile
   145                           
   146                           ;main1s.c: 24: TRISC = 0b00000001;
   147   000696  0E01               	movlw	1
   148   000698  6E94               	movwf	148,c	;volatile
   149                           
   150                           ;main1s.c: 25: TRISD = 0b00000000;
   151   00069A  0E00               	movlw	0
   152   00069C  6E95               	movwf	149,c	;volatile
   153                           
   154                           ;main1s.c: 26: PORTB = 0;
   155   00069E  0E00               	movlw	0
   156   0006A0  6E81               	movwf	129,c	;volatile
   157                           
   158                           ;main1s.c: 27: LATB = 0;
   159   0006A2  0E00               	movlw	0
   160   0006A4  6E8A               	movwf	138,c	;volatile
   161                           
   162                           ;main1s.c: 28: PORTD = 0;
   163   0006A6  0E00               	movlw	0
   164   0006A8  6E83               	movwf	131,c	;volatile
   165                           
   166                           ;main1s.c: 29: LATD = 0;
   167   0006AA  0E00               	movlw	0
   168   0006AC  6E8C               	movwf	140,c	;volatile
   169                           
   170                           ;main1s.c: 31: ADCON1 = 0b00001111;
   171   0006AE  0E0F               	movlw	15
   172   0006B0  6EC1               	movwf	193,c	;volatile
   173   0006B2                     
   174                           ;main1s.c: 33: INTCON2bits.RBPU = 0;
   175   0006B2  9EF1               	bcf	241,7,c	;volatile
   176   0006B4                     
   177                           ;main1s.c: 38: INTCON2bits.INTEDG0 = 0;
   178   0006B4  9CF1               	bcf	241,6,c	;volatile
   179   0006B6                     
   180                           ;main1s.c: 40: INTCONbits.INT0IF = 0;
   181   0006B6  92F2               	bcf	242,1,c	;volatile
   182   0006B8                     
   183                           ;main1s.c: 42: INTCONbits.INT0IE = 1;
   184   0006B8  88F2               	bsf	242,4,c	;volatile
   185   0006BA                     
   186                           ;main1s.c: 44: INTCONbits.TMR0IF = 0;
   187   0006BA  94F2               	bcf	242,2,c	;volatile
   188   0006BC                     
   189                           ;main1s.c: 46: INTCONbits.TMR0IE = 1;
   190   0006BC  8AF2               	bsf	242,5,c	;volatile
   191                           
   192                           ;main1s.c: 49: T0CON = 0b11000101;
   193   0006BE  0EC5               	movlw	197
   194   0006C0  6ED5               	movwf	213,c	;volatile
   195                           
   196                           ;main1s.c: 50: TMR0 = 131;
   197   0006C2  0E00               	movlw	0
   198   0006C4  6ED7               	movwf	215,c	;volatile
   199   0006C6  0E83               	movlw	131
   200   0006C8  6ED6               	movwf	214,c	;volatile
   201   0006CA                     
   202                           ;main1s.c: 51: (INTCONbits.GIE = 1);
   203   0006CA  8EF2               	bsf	242,7,c	;volatile
   204   0006CC                     l33:
   205   0006CC  0004               	clrwdt		;# 
   206   0006CE  EF66  F003         	goto	l33
   207   0006D2  EF07  F000         	goto	start
   208   0006D6                     __end_of_main:
   209                           	callstack 0
   210                           
   211 ;; *************** function _isr *****************
   212 ;; Defined at:
   213 ;;		line 65 in file "main1s.c"
   214 ;; Parameters:    Size  Location     Type
   215 ;;		None
   216 ;; Auto vars:     Size  Location     Type
   217 ;;		None
   218 ;; Return value:  Size  Location     Type
   219 ;;                  1    wreg      void 
   220 ;; Registers used:
   221 ;;		wreg, status,2, status,0
   222 ;; Tracked objects:
   223 ;;		On entry : 0/0
   224 ;;		On exit  : 0/0
   225 ;;		Unchanged: 0/0
   226 ;; Data sizes:     COMRAM   BANK0   BANK1   BANK2   BANK3   BANK4   BANK5
   227 ;;      Params:         0       0       0       0       0       0       0
   228 ;;      Locals:         0       0       0       0       0       0       0
   229 ;;      Temps:          1       0       0       0       0       0       0
   230 ;;      Totals:         1       0       0       0       0       0       0
   231 ;;Total ram usage:        1 bytes
   232 ;; Hardware stack levels used: 1
   233 ;; This function calls:
   234 ;;		Nothing
   235 ;; This function is called by:
   236 ;;		Interrupt level 2
   237 ;; This function uses a non-reentrant model
   238 ;;
   239                           
   240                           	psect	intcode
   241   000008                     __pintcode:
   242                           	callstack 0
   243   000008                     _isr:
   244                           	callstack 30
   245                           
   246                           ;incstack = 0
   247   000008  8204               	bsf	int$flags,1,c	;set compiler interrupt flag (level 2)
   248   00000A  ED01  F003         	call	int_func,f	;refresh shadow registers
   249                           
   250                           	psect	intcode_body
   251   000602                     __pintcode_body:
   252                           	callstack 30
   253   000602                     int_func:
   254                           	callstack 30
   255   000602  0006               	pop		; remove dummy address from shadow register refresh
   256   000604                     
   257                           ;main1s.c: 66: if (INTCONbits.INT0F == 1)
   258   000604  A2F2               	btfss	242,1,c	;volatile
   259   000606  EF07  F003         	goto	i2u1_41
   260   00060A  EF09  F003         	goto	i2u1_40
   261   00060E                     i2u1_41:
   262   00060E  EF1A  F003         	goto	i2l814
   263   000612                     i2u1_40:
   264   000612                     
   265                           ;main1s.c: 67: {;main1s.c: 68: INTCONbits.INT0F = 0;
   266   000612  92F2               	bcf	242,1,c	;volatile
   267   000614                     
   268                           ;main1s.c: 69: LATDbits.LATD0 = ~LATDbits.LATD0;
   269   000614  B08C               	btfsc	140,0,c	;volatile
   270   000616  EF0F  F003         	goto	i2u2_41
   271   00061A  EF12  F003         	goto	i2u2_40
   272   00061E                     i2u2_41:
   273   00061E  0E01               	movlw	1
   274   000620  EF13  F003         	goto	i2u2_46
   275   000624                     i2u2_40:
   276   000624  0E00               	movlw	0
   277   000626                     i2u2_46:
   278   000626  0AFF               	xorlw	255
   279   000628  6E03               	movwf	??_isr^0,c
   280   00062A  508C               	movf	140,w,c	;volatile
   281   00062C  1803               	xorwf	??_isr^0,w,c
   282   00062E  0BFE               	andlw	-2
   283   000630  1803               	xorwf	??_isr^0,w,c
   284   000632  6E8C               	movwf	140,c	;volatile
   285   000634                     i2l814:
   286                           
   287                           ;main1s.c: 70: };main1s.c: 71: if (INTCONbits.TMR0IF == 1)
   288   000634  A4F2               	btfss	242,2,c	;volatile
   289   000636  EF1F  F003         	goto	i2u3_41
   290   00063A  EF21  F003         	goto	i2u3_40
   291   00063E                     i2u3_41:
   292   00063E  EF47  F003         	goto	i2l44
   293   000642                     i2u3_40:
   294   000642                     
   295                           ;main1s.c: 72: {;main1s.c: 73: INTCONbits.TMR0IF = 0;
   296   000642  94F2               	bcf	242,2,c	;volatile
   297   000644                     
   298                           ;main1s.c: 74: TMR0 = 131;
   299   000644  0E00               	movlw	0
   300   000646  6ED7               	movwf	215,c	;volatile
   301   000648  0E83               	movlw	131
   302   00064A  6ED6               	movwf	214,c	;volatile
   303   00064C                     
   304                           ;main1s.c: 75: count ++;
   305   00064C  4A01               	infsnz	_count^0,f,c
   306   00064E  2A02               	incf	(_count+1)^0,f,c
   307   000650                     
   308                           ;main1s.c: 76: if (count == 250)
   309   000650  0EFA               	movlw	250
   310   000652  1801               	xorwf	_count^0,w,c
   311   000654  1002               	iorwf	(_count+1)^0,w,c
   312   000656  A4D8               	btfss	status,2,c
   313   000658  EF30  F003         	goto	i2u4_41
   314   00065C  EF32  F003         	goto	i2u4_40
   315   000660                     i2u4_41:
   316   000660  EF47  F003         	goto	i2l44
   317   000664                     i2u4_40:
   318   000664                     
   319                           ;main1s.c: 77: {;main1s.c: 78: count = 0;
   320   000664  0E00               	movlw	0
   321   000666  6E02               	movwf	(_count+1)^0,c
   322   000668  0E00               	movlw	0
   323   00066A  6E01               	movwf	_count^0,c
   324   00066C                     
   325                           ;main1s.c: 79: LATDbits.LATD1 = ~LATDbits.LATD1;
   326   00066C  B28C               	btfsc	140,1,c	;volatile
   327   00066E  EF3B  F003         	goto	i2u5_41
   328   000672  EF3E  F003         	goto	i2u5_40
   329   000676                     i2u5_41:
   330   000676  0E01               	movlw	1
   331   000678  EF3F  F003         	goto	i2u5_46
   332   00067C                     i2u5_40:
   333   00067C  0E00               	movlw	0
   334   00067E                     i2u5_46:
   335   00067E  0AFF               	xorlw	255
   336   000680  6E03               	movwf	??_isr^0,c
   337   000682  4603               	rlncf	??_isr^0,f,c
   338   000684  508C               	movf	140,w,c	;volatile
   339   000686  1803               	xorwf	??_isr^0,w,c
   340   000688  0BFD               	andlw	-3
   341   00068A  1803               	xorwf	??_isr^0,w,c
   342   00068C  6E8C               	movwf	140,c	;volatile
   343   00068E                     i2l44:
   344   00068E  9204               	bcf	int$flags,1,c	;clear compiler interrupt flag (level 2)
   345   000690  0011               	retfie		f
   346   000692                     __end_of_isr:
   347                           	callstack 0
   348                           
   349                           	psect	smallconst
   350   000600                     __psmallconst:
   351                           	callstack 0
   352   000600  00                 	db	0
   353   000601  00                 	db	0	; dummy byte at the end
   354   000000                     
   355                           	psect	rparam
   356   000000                     
   357                           	psect	temp
   358   000004                     btemp:
   359                           	callstack 0
   360   000004                     	ds	1
   361   000000                     int$flags	set	btemp
   362   000000                     wtemp8	set	btemp+1
   363   000000                     ttemp5	set	btemp+1
   364   000000                     ttemp6	set	btemp+4
   365   000000                     ttemp7	set	btemp+8
   366                           
   367                           	psect	idloc
   368                           
   369                           ;Config register IDLOC0 @ 0x200000
   370                           ;	unspecified, using default values
   371   200000                     	org	2097152
   372   200000  FF                 	db	255
   373                           
   374                           ;Config register IDLOC1 @ 0x200001
   375                           ;	unspecified, using default values
   376   200001                     	org	2097153
   377   200001  FF                 	db	255
   378                           
   379                           ;Config register IDLOC2 @ 0x200002
   380                           ;	unspecified, using default values
   381   200002                     	org	2097154
   382   200002  FF                 	db	255
   383                           
   384                           ;Config register IDLOC3 @ 0x200003
   385                           ;	unspecified, using default values
   386   200003                     	org	2097155
   387   200003  FF                 	db	255
   388                           
   389                           ;Config register IDLOC4 @ 0x200004
   390                           ;	unspecified, using default values
   391   200004                     	org	2097156
   392   200004  FF                 	db	255
   393                           
   394                           ;Config register IDLOC5 @ 0x200005
   395                           ;	unspecified, using default values
   396   200005                     	org	2097157
   397   200005  FF                 	db	255
   398                           
   399                           ;Config register IDLOC6 @ 0x200006
   400                           ;	unspecified, using default values
   401   200006                     	org	2097158
   402   200006  FF                 	db	255
   403                           
   404                           ;Config register IDLOC7 @ 0x200007
   405                           ;	unspecified, using default values
   406   200007                     	org	2097159
   407   200007  FF                 	db	255
   408                           
   409                           	psect	config
   410                           
   411                           ; Padding undefined space
   412   300000                     	org	3145728
   413   300000  FF                 	db	255
   414                           
   415                           ;Config register CONFIG1H @ 0x300001
   416                           ;	Oscillator Selection bits
   417                           ;	OSC = HS, HS oscillator
   418                           ;	Fail-Safe Clock Monitor Enable bit
   419                           ;	FCMEN = OFF, Fail-Safe Clock Monitor disabled
   420                           ;	Internal/External Oscillator Switchover bit
   421                           ;	IESO = OFF, Oscillator Switchover mode disabled
   422   300001                     	org	3145729
   423   300001  02                 	db	2
   424                           
   425                           ;Config register CONFIG2L @ 0x300002
   426                           ;	Power-up Timer Enable bit
   427                           ;	PWRT = OFF, PWRT disabled
   428                           ;	Brown-out Reset Enable bits
   429                           ;	BOREN = SBORDIS, Brown-out Reset enabled in hardware only (SBOREN is disabled)
   430                           ;	Brown Out Reset Voltage bits
   431                           ;	BORV = 3, Minimum setting
   432   300002                     	org	3145730
   433   300002  1F                 	db	31
   434                           
   435                           ;Config register CONFIG2H @ 0x300003
   436                           ;	Watchdog Timer Enable bit
   437                           ;	WDT = ON, WDT enabled
   438                           ;	Watchdog Timer Postscale Select bits
   439                           ;	WDTPS = 32768, 1:32768
   440   300003                     	org	3145731
   441   300003  1F                 	db	31
   442                           
   443                           ; Padding undefined space
   444   300004                     	org	3145732
   445   300004  FF                 	db	255
   446                           
   447                           ;Config register CONFIG3H @ 0x300005
   448                           ;	CCP2 MUX bit
   449                           ;	CCP2MX = PORTC, CCP2 input/output is multiplexed with RC1
   450                           ;	PORTB A/D Enable bit
   451                           ;	PBADEN = OFF, PORTB<4:0> pins are configured as digital I/O on Reset
   452                           ;	Low-Power Timer1 Oscillator Enable bit
   453                           ;	LPT1OSC = OFF, Timer1 configured for higher power operation
   454                           ;	MCLR Pin Enable bit
   455                           ;	MCLRE = OFF, RE3 input pin enabled; MCLR disabled
   456   300005                     	org	3145733
   457   300005  01                 	db	1
   458                           
   459                           ;Config register CONFIG4L @ 0x300006
   460                           ;	Stack Full/Underflow Reset Enable bit
   461                           ;	STVREN = ON, Stack full/underflow will cause Reset
   462                           ;	Single-Supply ICSP Enable bit
   463                           ;	LVP = ON, Single-Supply ICSP enabled
   464                           ;	Extended Instruction Set Enable bit
   465                           ;	XINST = OFF, Instruction set extension and Indexed Addressing mode disabled (Legacy mo
      +                          de)
   466                           ;	Background Debugger Enable bit
   467                           ;	DEBUG = 0x1, unprogrammed default
   468   300006                     	org	3145734
   469   300006  85                 	db	133
   470                           
   471                           ; Padding undefined space
   472   300007                     	org	3145735
   473   300007  FF                 	db	255
   474                           
   475                           ;Config register CONFIG5L @ 0x300008
   476                           ;	Code Protection bit
   477                           ;	CP0 = OFF, Block 0 (000800-001FFFh) not code-protected
   478                           ;	Code Protection bit
   479                           ;	CP1 = OFF, Block 1 (002000-003FFFh) not code-protected
   480                           ;	Code Protection bit
   481                           ;	CP2 = OFF, Block 2 (004000-005FFFh) not code-protected
   482                           ;	Code Protection bit
   483                           ;	CP3 = OFF, Block 3 (006000-007FFFh) not code-protected
   484   300008                     	org	3145736
   485   300008  0F                 	db	15
   486                           
   487                           ;Config register CONFIG5H @ 0x300009
   488                           ;	Boot Block Code Protection bit
   489                           ;	CPB = OFF, Boot block (000000-0007FFh) not code-protected
   490                           ;	Data EEPROM Code Protection bit
   491                           ;	CPD = OFF, Data EEPROM not code-protected
   492   300009                     	org	3145737
   493   300009  C0                 	db	192
   494                           
   495                           ;Config register CONFIG6L @ 0x30000A
   496                           ;	Write Protection bit
   497                           ;	WRT0 = OFF, Block 0 (000800-001FFFh) not write-protected
   498                           ;	Write Protection bit
   499                           ;	WRT1 = OFF, Block 1 (002000-003FFFh) not write-protected
   500                           ;	Write Protection bit
   501                           ;	WRT2 = OFF, Block 2 (004000-005FFFh) not write-protected
   502                           ;	Write Protection bit
   503                           ;	WRT3 = OFF, Block 3 (006000-007FFFh) not write-protected
   504   30000A                     	org	3145738
   505   30000A  0F                 	db	15
   506                           
   507                           ;Config register CONFIG6H @ 0x30000B
   508                           ;	Configuration Register Write Protection bit
   509                           ;	WRTC = OFF, Configuration registers (300000-3000FFh) not write-protected
   510                           ;	Boot Block Write Protection bit
   511                           ;	WRTB = OFF, Boot block (000000-0007FFh) not write-protected
   512                           ;	Data EEPROM Write Protection bit
   513                           ;	WRTD = OFF, Data EEPROM not write-protected
   514   30000B                     	org	3145739
   515   30000B  E0                 	db	224
   516                           
   517                           ;Config register CONFIG7L @ 0x30000C
   518                           ;	Table Read Protection bit
   519                           ;	EBTR0 = OFF, Block 0 (000800-001FFFh) not protected from table reads executed in other
      +                           blocks
   520                           ;	Table Read Protection bit
   521                           ;	EBTR1 = OFF, Block 1 (002000-003FFFh) not protected from table reads executed in other
      +                           blocks
   522                           ;	Table Read Protection bit
   523                           ;	EBTR2 = OFF, Block 2 (004000-005FFFh) not protected from table reads executed in other
      +                           blocks
   524                           ;	Table Read Protection bit
   525                           ;	EBTR3 = OFF, Block 3 (006000-007FFFh) not protected from table reads executed in other
      +                           blocks
   526   30000C                     	org	3145740
   527   30000C  0F                 	db	15
   528                           
   529                           ;Config register CONFIG7H @ 0x30000D
   530                           ;	Boot Block Table Read Protection bit
   531                           ;	EBTRB = OFF, Boot block (000000-0007FFh) not protected from table reads executed in ot
      +                          her blocks
   532   30000D                     	org	3145741
   533   30000D  40                 	db	64
   534                           tosu	equ	0xFFF
   535                           tosh	equ	0xFFE
   536                           tosl	equ	0xFFD
   537                           stkptr	equ	0xFFC
   538                           pclatu	equ	0xFFB
   539                           pclath	equ	0xFFA
   540                           pcl	equ	0xFF9
   541                           tblptru	equ	0xFF8
   542                           tblptrh	equ	0xFF7
   543                           tblptrl	equ	0xFF6
   544                           tablat	equ	0xFF5
   545                           prodh	equ	0xFF4
   546                           prodl	equ	0xFF3
   547                           indf0	equ	0xFEF
   548                           postinc0	equ	0xFEE
   549                           postdec0	equ	0xFED
   550                           preinc0	equ	0xFEC
   551                           plusw0	equ	0xFEB
   552                           fsr0h	equ	0xFEA
   553                           fsr0l	equ	0xFE9
   554                           wreg	equ	0xFE8
   555                           indf1	equ	0xFE7
   556                           postinc1	equ	0xFE6
   557                           postdec1	equ	0xFE5
   558                           preinc1	equ	0xFE4
   559                           plusw1	equ	0xFE3
   560                           fsr1h	equ	0xFE2
   561                           fsr1l	equ	0xFE1
   562                           bsr	equ	0xFE0
   563                           indf2	equ	0xFDF
   564                           postinc2	equ	0xFDE
   565                           postdec2	equ	0xFDD
   566                           preinc2	equ	0xFDC
   567                           plusw2	equ	0xFDB
   568                           fsr2h	equ	0xFDA
   569                           fsr2l	equ	0xFD9
   570                           status	equ	0xFD8

Data Sizes:
    Strings     0
    Constant    0
    Data        0
    BSS         2
    Persistent  0
    Stack       0

Auto Spaces:
    Space          Size  Autos    Used
    COMRAM          126      1       3
    BANK0           128      0       0
    BANK1           256      0       0
    BANK2           256      0       0
    BANK3           256      0       0
    BANK4           256      0       0
    BANK5           256      0       0

Pointer List with Targets:

    None.

Critical Paths under _main in COMRAM

    None.

Critical Paths under _isr in COMRAM

    None.

Critical Paths under _main in BANK0

    None.

Critical Paths under _isr in BANK0

    None.

Critical Paths under _main in BANK1

    None.

Critical Paths under _isr in BANK1

    None.

Critical Paths under _main in BANK2

    None.

Critical Paths under _isr in BANK2

    None.

Critical Paths under _main in BANK3

    None.

Critical Paths under _isr in BANK3

    None.

Critical Paths under _main in BANK4

    None.

Critical Paths under _isr in BANK4

    None.

Critical Paths under _main in BANK5

    None.

Critical Paths under _isr in BANK5

    None.

Call Graph Tables:

 ---------------------------------------------------------------------------------
 (Depth) Function   	        Calls       Base Space   Used Autos Params    Refs
 ---------------------------------------------------------------------------------
 (0) _main                                                 0     0      0       0
 ---------------------------------------------------------------------------------
 Estimated maximum stack depth 0
 ---------------------------------------------------------------------------------
 (Depth) Function   	        Calls       Base Space   Used Autos Params    Refs
 ---------------------------------------------------------------------------------
 (1) _isr                                                  1     1      0       0
                                              0 COMRAM     1     1      0
 ---------------------------------------------------------------------------------
 Estimated maximum stack depth 1
 ---------------------------------------------------------------------------------

 Call Graph Graphs:

 _main (ROOT)

 _isr (ROOT)

 Address spaces:
Name               Size   Autos  Total    Cost      Usage
BIGRAM             5FF      0       0      26        0.0%
EEDATA             100      0       0       0        0.0%
BITBANK5           100      0       0      14        0.0%
BANK5              100      0       0      15        0.0%
BITBANK4           100      0       0      12        0.0%
BANK4              100      0       0      13        0.0%
BITBANK3           100      0       0      10        0.0%
BANK3              100      0       0      11        0.0%
BITBANK2           100      0       0       8        0.0%
BANK2              100      0       0       9        0.0%
BITBANK1           100      0       0       6        0.0%
BANK1              100      0       0       7        0.0%
BITBANK0            80      0       0       4        0.0%
BANK0               80      0       0       5        0.0%
BITCOMRAM           7E      0       0       0        0.0%
COMRAM              7E      1       3       1        2.4%
BITBIGSFRhl         2B      0       0      19        0.0%
BITBIGSFRhhlh       19      0       0      17        0.0%
BITBIGSFRhhll       13      0       0      18        0.0%
BITBIGSFRhhh         D      0       0      16        0.0%
BITBIGSFRlhhh        6      0       0      20        0.0%
BITBIGSFRlhlh        6      0       0      22        0.0%
BITBIGSFRlhhl        1      0       0      21        0.0%
BITBIGSFRlhll        1      0       0      23        0.0%
BITBIGSFRll          1      0       0      24        0.0%
BIGSFR               0      0       0     200        0.0%
BITSFR               0      0       0     200        0.0%
SFR                  0      0       0     200        0.0%
STACK                0      0       0       2        0.0%
NULL                 0      0       0       0        0.0%
ABS                  0      0       3      25        0.0%
DATA                 0      0       3       3        0.0%
CODE                 0      0       0       0        0.0%


Microchip Technology PIC18 Macro Assembler V2.46 build 20240104201356 
Symbol Table                                                                                   Thu Apr 09 22:55:23 2026

                     l33 06CC                      l800 06B8                      l802 06BA  
                    l804 06BC                      l806 06CA                      l792 0692  
                    l794 06B2                      l796 06B4                      l798 06B6  
                    _isr 0008                     ?_isr 0003                     _LATB 0F8A  
                   _LATD 0F8C                     i2l44 068E                     _TMR0 0FD6  
                   _main 0692                     btemp 0004                     start 000E  
           ___param_bank 0000                    ??_isr 0003                    ?_main 0003  
                  _T0CON 0FD5                    i2l810 0612                    i2l820 064C  
                  i2l812 0614                    i2l822 0650                    i2l814 0634  
                  i2l824 0664                    i2l816 0642                    i2l808 0604  
                  i2l826 066C                    i2l818 0644                    _PORTB 0F81  
                  _PORTD 0F83                    _TRISB 0F93                    _TRISC 0F94  
                  _TRISD 0F95                    _count 0001                    ttemp5 0005  
                  ttemp6 0008                    ttemp7 000C                    status 0FD8  
                  wtemp8 0005          __initialization 06D6             __end_of_main 06D6  
                 ??_main 0004            __activetblptr 0000                   _ADCON1 0FC1  
                 i2u1_40 0612                   i2u1_41 060E                   i2u2_40 0624  
                 i2u2_41 061E                   i2u2_46 0626                   i2u3_40 0642  
                 i2u3_41 063E                   i2u4_40 0664                   i2u4_41 0660  
                 i2u5_40 067C                   i2u5_41 0676                   i2u5_46 067E  
                 isa$std 0001             __mediumconst 0000               __accesstop 0080  
__end_of__initialization 06DA            ___rparam_used 0001           __pcstackCOMRAM 0003  
                __Hparam 0000                  __Lparam 0000             __psmallconst 0600  
                __pcinit 06D6                  __ramtop 0600                  __ptext0 0692  
         __pintcode_body 0602     end_of_initialization 06DA                  int_func 0602  
    start_initialization 06D6              __end_of_isr 0692              __pbssCOMRAM 0001  
              __pintcode 0008              __smallconst 0600                 _LATDbits 0F8C  
            _INTCON2bits 0FF1                 __Hrparam 0000                 __Lrparam 0000  
               isa$xinst 0000                 int$flags 0004               _INTCONbits 0FF2  
               intlevel2 0000  
